[LOG] System::create                           : Header version = 1.10.12. Current version = 1.10.12.
[LOG] Manager::init                            : maxchannels = 256 studioflags = 00000006 flags 00000000 extradriverdata 0000000000000000.
[LOG] SystemI::init                            : Initialize version=11012 (101101), maxchannels=256, flags=0x00020000
[LOG] SystemI::setOutputInternal               : Setting output to 'FMOD WASAPI Output'
[LOG] OutputWASAPI::init                       : Mix Format (WAVEFORMATEX): wFormatTag=0xFFFE, nChannels=2, nSamplesPerSec=48000, nAvgBytesPerSec=384000, nBlockAlign=8, wBitsPerSample=32, cbSize=22.
[LOG] OutputWASAPI::init                       : Mix Format (WAVEFORMATEXTENSIBLE): wValidBitsPerSample=32, dwChannelMask=0x00000003, SubFormat=00000003-0000-0010-8000-00AA00389B71.
[LOG] OutputWASAPI::init                       : Output buffer size: 4096 samples, latency: 0.00ms, period: 10.00ms, DSP buffer: 1024 * 4
[LOG] Thread::initThread                       : Init FMOD stream thread. Priority: 2, Stack Size: 65536, Semaphore: No, Sleep Time: 10, Looping: Yes.
[LOG] Thread::initThread                       : Init FMOD mixer thread. Priority: 3, Stack Size: 49152, Semaphore: No, Sleep Time: 0, Looping: Yes.
[LOG] AsyncManager::init                       : manager 000000007B0DBF68 isAsync 0 updatePeriod 0.02
[LOG] AsyncManager::init                       : done
[LOG] PlaybackSystem::init                     : 
[LOG] Thread::initThread                       : Init FMOD Studio sample load thread. Priority: 0, Stack Size: 65536, Semaphore: No, Sleep Time: 1, Looping: No.
[LOG] PlaybackSystem::init                     : done
[LOG] Thread::initThread                       : Init FMOD Studio bank load thread. Priority: 0, Stack Size: 65536, Semaphore: No, Sleep Time: 1, Looping: No.
[LOG] Manager::init                            : done.
[LOG] Manager::readBank                        : fileversion = 103, compatVersion = 99 (oldest = 44, newest = 103)
[LOG] SystemI::createSoundInternal             : Create name='', mode=0x02000202
[LOG] SystemI::createSoundInternal             : exinfo->cbsize             = 232
[LOG] SystemI::createSoundInternal             : exinfo->length             = 6753280
[LOG] SystemI::createSoundInternal             : exinfo->fileoffset         = 76928
[LOG] SystemI::createSoundInternal             : exinfo->numsubsounds       = 1
[LOG] SystemI::createSoundInternal             : exinfo->inclusionlist      = 000000007C4AF5FC
[LOG] SystemI::createSoundInternal             : exinfo->inclusionlistnum   = 1
[LOG] SystemI::createSoundInternal             : exinfo->suggestedsoundtype = 5
[LOG] SystemI::createSoundInternal             : exinfo->useropen           = 00007FF938F30D70
[LOG] SystemI::createSoundInternal             : exinfo->userclose          = 00007FF938F30D40
[LOG] SystemI::createSoundInternal             : exinfo->userread           = 00007FF938F30E40
[LOG] SystemI::createSoundInternal             : exinfo->userseek           = 00007FF938F30F00
[LOG] SystemI::createSoundInternal             : exinfo->fileuserdata       = 000000006FA589C8
[LOG] SystemI::createSoundInternal             : exinfo->initialseekpostype = 1
[LOG] SystemI::DSPCodecPoolRegister            : register codec pool for pool type 5
[LOG] SystemI::createSoundInternal             : Sample 0/1: name='SFVR_SFX_Mecha_Footstep_01', format=2, channels=1, frequency=48000, lengthbytes=4992, lengthpcm=29400, pcmblocksize=0, loopstart=0, loopend=0, mode=0x00000000, channelmask=0x00000000, channelorder=0, peakvolume=0.882385.
[LOG] SystemI::createSoundInternal             : Create name='', mode=0x02000202
[LOG] SystemI::createSoundInternal             : exinfo->cbsize             = 232
[LOG] SystemI::createSoundInternal             : exinfo->length             = 6753280
[LOG] SystemI::createSoundInternal             : exinfo->fileoffset         = 76928
[LOG] SystemI::createSoundInternal             : exinfo->numsubsounds       = 1
[LOG] SystemI::createSoundInternal             : exinfo->inclusionlist      = 000000007C4AF5FC
[LOG] SystemI::createSoundInternal             : exinfo->inclusionlistnum   = 1
[LOG] SystemI::createSoundInternal             : exinfo->suggestedsoundtype = 5
[LOG] SystemI::createSoundInternal             : exinfo->useropen           = 00007FF938F30D70
[LOG] SystemI::createSoundInternal             : exinfo->userclose          = 00007FF938F30D40
[LOG] SystemI::createSoundInternal             : exinfo->userread           = 00007FF938F30E40
[LOG] SystemI::createSoundInternal             : exinfo->userseek           = 00007FF938F30F00
[LOG] SystemI::createSoundInternal             : exinfo->fileuserdata       = 000000006FA589C8
[LOG] SystemI::createSoundInternal             : exinfo->initialseekpostype = 1
[LOG] SystemI::DSPCodecPoolRegister            : register codec pool for pool type 5
[LOG] SystemI::createSoundInternal             : Sample 0/1: name='SFVR_SFX_Mecha_Footstep_03', format=2, channels=1, frequency=48000, lengthbytes=5184, lengthpcm=31500, pcmblocksize=0, loopstart=0, loopend=0, mode=0x00000000, channelmask=0x00000000, channelorder=0, peakvolume=0.871490.
[LOG] SystemI::createSoundInternal             : Create name='', mode=0x02000202
[LOG] SystemI::createSoundInternal             : exinfo->cbsize             = 232
[LOG] SystemI::createSoundInternal             : exinfo->length             = 6753280
[LOG] SystemI::createSoundInternal             : exinfo->fileoffset         = 76928
[LOG] SystemI::createSoundInternal             : exinfo->numsubsounds       = 1
[LOG] SystemI::createSoundInternal             : exinfo->inclusionlist      = 000000007C4AF5FC
[LOG] SystemI::createSoundInternal             : exinfo->inclusionlistnum   = 1
[LOG] SystemI::createSoundInternal             : exinfo->suggestedsoundtype = 5
[LOG] SystemI::createSoundInternal             : exinfo->useropen           = 00007FF938F30D70
[LOG] SystemI::createSoundInternal             : exinfo->userclose          = 00007FF938F30D40
[LOG] SystemI::createSoundInternal             : exinfo->userread           = 00007FF938F30E40
[LOG] SystemI::createSoundInternal             : exinfo->userseek           = 00007FF938F30F00
[LOG] SystemI::createSoundInternal             : exinfo->fileuserdata       = 000000006FA589C8
[LOG] SystemI::createSoundInternal             : exinfo->initialseekpostype = 1
[LOG] SystemI::DSPCodecPoolRegister            : register codec pool for pool type 5
[LOG] SystemI::createSoundInternal             : Sample 0/1: name='SFVR_SFX_Mecha_Footstep_02', format=2, channels=1, frequency=48000, lengthbytes=4864, lengthpcm=28385, pcmblocksize=0, loopstart=0, loopend=0, mode=0x00000000, channelmask=0x00000000, channelorder=0, peakvolume=0.904663.
[LOG] SystemI::createSoundInternal             : Create name='', mode=0x02000202
[LOG] SystemI::createSoundInternal             : exinfo->cbsize             = 232
[LOG] SystemI::createSoundInternal             : exinfo->length             = 6753280
[LOG] SystemI::createSoundInternal             : exinfo->fileoffset         = 76928
[LOG] SystemI::createSoundInternal             : exinfo->numsubsounds       = 1
[LOG] SystemI::createSoundInternal             : exinfo->inclusionlist      = 000000007C4AF5FC
[LOG] SystemI::createSoundInternal             : exinfo->inclusionlistnum   = 1
[LOG] SystemI::createSoundInternal             : exinfo->suggestedsoundtype = 5
[LOG] SystemI::createSoundInternal             : exinfo->useropen           = 00007FF938F30D70
[LOG] SystemI::createSoundInternal             : exinfo->userclose          = 00007FF938F30D40
[LOG] SystemI::createSoundInternal             : exinfo->userread           = 00007FF938F30E40
[LOG] SystemI::createSoundInternal             : exinfo->userseek           = 00007FF938F30F00
[LOG] SystemI::createSoundInternal             : exinfo->fileuserdata       = 000000006FA589C8
[LOG] SystemI::createSoundInternal             : exinfo->initialseekpostype = 1
[LOG] SystemI::DSPCodecPoolRegister            : register codec pool for pool type 5
[LOG] SystemI::createSoundInternal             : Sample 0/1: name='SFVR_SFX_Punch_03', format=2, channels=1, frequency=48000, lengthbytes=2816, lengthpcm=15428, pcmblocksize=0, loopstart=0, loopend=0, mode=0x00000000, channelmask=0x00000000, channelorder=0, peakvolume=0.404999.
[LOG] SystemI::createSoundInternal             : Create name='', mode=0x02000202
[LOG] SystemI::createSoundInternal             : exinfo->cbsize             = 232
[LOG] SystemI::createSoundInternal             : exinfo->length             = 6753280
[LOG] SystemI::createSoundInternal             : exinfo->fileoffset         = 76928
[LOG] SystemI::createSoundInternal             : exinfo->numsubsounds       = 1
[LOG] SystemI::createSoundInternal             : exinfo->inclusionlist      = 000000007C4AF5FC
[LOG] SystemI::createSoundInternal             : exinfo->inclusionlistnum   = 1
[LOG] SystemI::createSoundInternal             : exinfo->suggestedsoundtype = 5
[LOG] SystemI::createSoundInternal             : exinfo->useropen           = 00007FF938F30D70
[LOG] SystemI::createSoundInternal             : exinfo->userclose          = 00007FF938F30D40
[LOG] SystemI::createSoundInternal             : exinfo->userread           = 00007FF938F30E40
[LOG] SystemI::createSoundInternal             : exinfo->userseek           = 00007FF938F30F00
[LOG] SystemI::createSoundInternal             : exinfo->fileuserdata       = 000000006FA589C8
[LOG] SystemI::createSoundInternal             : exinfo->initialseekpostype = 1
[LOG] SystemI::DSPCodecPoolRegister            : register codec pool for pool type 5
[LOG] SystemI::createSoundInternal             : Sample 0/1: name='SFVR_SFX_Punch_01', format=2, channels=1, frequency=48000, lengthbytes=2848, lengthpcm=15428, pcmblocksize=0, loopstart=0, loopend=0, mode=0x00000000, channelmask=0x00000000, channelorder=0, peakvolume=0.505890.
[LOG] SystemI::createSoundInternal             : Create name='', mode=0x02000202
[LOG] SystemI::createSoundInternal             : exinfo->cbsize             = 232
[LOG] SystemI::createSoundInternal             : exinfo->length             = 6753280
[LOG] SystemI::createSoundInternal             : exinfo->fileoffset         = 76928
[LOG] SystemI::createSoundInternal             : exinfo->numsubsounds       = 1
[LOG] SystemI::createSoundInternal             : exinfo->inclusionlist      = 000000007C4AF5FC
[LOG] SystemI::createSoundInternal             : exinfo->inclusionlistnum   = 1
[LOG] SystemI::createSoundInternal             : exinfo->suggestedsoundtype = 5
[LOG] SystemI::createSoundInternal             : exinfo->useropen           = 00007FF938F30D70
[LOG] SystemI::createSoundInternal             : exinfo->userclose          = 00007FF938F30D40
[LOG] SystemI::createSoundInternal             : exinfo->userread           = 00007FF938F30E40
[LOG] SystemI::createSoundInternal             : exinfo->userseek           = 00007FF938F30F00
[LOG] SystemI::createSoundInternal             : exinfo->fileuserdata       = 000000006FA589C8
[LOG] SystemI::createSoundInternal             : exinfo->initialseekpostype = 1
[LOG] SystemI::DSPCodecPoolRegister            : register codec pool for pool type 5
[LOG] SystemI::createSoundInternal             : Sample 0/1: name='SFVR_SFX_Punch_02', format=2, channels=1, frequency=48000, lengthbytes=2848, lengthpcm=15428, pcmblocksize=0, loopstart=0, loopend=0, mode=0x00000000, channelmask=0x00000000, channelorder=0, peakvolume=0.499817.
[LOG] SystemI::createSoundInternal             : Create name='', mode=0x02000202
[LOG] SystemI::createSoundInternal             : exinfo->cbsize             = 232
[LOG] SystemI::createSoundInternal             : exinfo->length             = 6753280
[LOG] SystemI::createSoundInternal             : exinfo->fileoffset         = 76928
[LOG] SystemI::createSoundInternal             : exinfo->numsubsounds       = 1
[LOG] SystemI::createSoundInternal             : exinfo->inclusionlist      = 000000007C4AF5FC
[LOG] SystemI::createSoundInternal             : exinfo->inclusionlistnum   = 1
[LOG] SystemI::createSoundInternal             : exinfo->suggestedsoundtype = 5
[LOG] SystemI::createSoundInternal             : exinfo->useropen           = 00007FF938F30D70
[LOG] SystemI::createSoundInternal             : exinfo->userclose          = 00007FF938F30D40
[LOG] SystemI::createSoundInternal             : exinfo->userread           = 00007FF938F30E40
[LOG] SystemI::createSoundInternal             : exinfo->userseek           = 00007FF938F30F00
[LOG] SystemI::createSoundInternal             : exinfo->fileuserdata       = 000000007A68B1F8
[LOG] SystemI::createSoundInternal             : exinfo->initialseekpostype = 1
[LOG] SystemI::DSPCodecPoolRegister            : register codec pool for pool type 5
[LOG] SystemI::createSoundInternal             : Sample 0/1: name='SFVR_VO_Announcer_Round2', format=2, channels=1, frequency=48000, lengthbytes=10144, lengthpcm=61045, pcmblocksize=0, loopstart=0, loopend=0, mode=0x00000000, channelmask=0x00000000, channelorder=0, peakvolume=0.497864.
[LOG] SystemI::createSoundInternal             : Create name='', mode=0x02000202
[LOG] SystemI::createSoundInternal             : exinfo->cbsize             = 232
[LOG] SystemI::createSoundInternal             : exinfo->length             = 6753280
[LOG] SystemI::createSoundInternal             : exinfo->fileoffset         = 76928
[LOG] SystemI::createSoundInternal             : exinfo->numsubsounds       = 1
[LOG] SystemI::createSoundInternal             : exinfo->inclusionlist      = 000000007C4AF5FC
[LOG] SystemI::createSoundInternal             : exinfo->inclusionlistnum   = 1
[LOG] SystemI::createSoundInternal             : exinfo->suggestedsoundtype = 5
[LOG] SystemI::createSoundInternal             : exinfo->useropen           = 00007FF938F30D70
[LOG] SystemI::createSoundInternal             : exinfo->userclose          = 00007FF938F30D40
[LOG] SystemI::createSoundInternal             : exinfo->userread           = 00007FF938F30E40
[LOG] SystemI::createSoundInternal             : exinfo->userseek           = 00007FF938F30F00
[LOG] SystemI::createSoundInternal             : exinfo->fileuserdata       = 000000007A68B1F8
[LOG] SystemI::createSoundInternal             : exinfo->initialseekpostype = 1
[LOG] SystemI::DSPCodecPoolRegister            : register codec pool for pool type 5
[LOG] SystemI::createSoundInternal             : Sample 0/1: name='SFVR_VO_Announcer_Fight', format=2, channels=1, frequency=48000, lengthbytes=5216, lengthpcm=26762, pcmblocksize=0, loopstart=0, loopend=0, mode=0x00000000, channelmask=0x00000000, channelorder=0, peakvolume=0.891581.
[LOG] SystemI::createSound                     : filename = SFVR-FMOD-project\Build\Desktop/Master Bank.bank : mode 02010082
[LOG] SystemI::createSound                     : FMOD_NONBLOCKING specified.  Putting into queue to be opened asynchronously!
[LOG] SystemI::createSound                     : setdata soundi = 000000006B222EA8 : node = 000000007AABAD00
[LOG] SystemI::createSound                     : add node to async list : head = 000000001AEE7168.  list count = 0
[LOG] AsyncThread::threadFunc                  : Starting Asynchronous operation on sound 000000006B222EA8
[LOG] SystemI::createSound                     : filename = SFVR-FMOD-project\Build\Desktop/Master Bank.bank : mode 02010082
[LOG] SystemI::createSoundInternal             :     Create name='SFVR-FMOD-project\Build\Desktop/Master Bank.bank', mode=0x02010082
[LOG] SystemI::createSound                     :     FMOD_NONBLOCKING specified.  Putting into queue to be opened asynchronously!
[LOG] SystemI::createSoundInternal             :     exinfo->cbsize             = 232
[LOG] SystemI::createSound                     :     setdata soundi = 000000006B222B48 : node = 000000007AABB8D0
[LOG] SystemI::createSoundInternal             :     exinfo->length             = 6753280
[LOG] SystemI::createSound                     :     add node to async list : head = 000000001AEE7168.  list count = 0
[LOG] SystemI::createSoundInternal             :     exinfo->fileoffset         = 76928
[LOG] SystemI::createSoundInternal             :     exinfo->numsubsounds       = 1
[LOG] SystemI::createSoundInternal             :     exinfo->inclusionlist      = 000000007AABAE18
[LOG] SystemI::createSoundInternal             :     exinfo->inclusionlistnum   = 1
[LOG] SystemI::createSoundInternal             :     exinfo->suggestedsoundtype = 5
[LOG] SystemI::createSoundInternal             :     exinfo->initialseekposition = 4500
[LOG] SystemI::createSoundInternal             :     exinfo->initialseekpostype = 1
[LOG] SystemI::createSoundInternal             :     Stream 0/1: name='SFVR_SFX_Amb_Cheering', format=2, channels=2, frequency=48000, lengthbytes=880544, lengthpcm=2784000, pcmblocksize=0, loopstart=0, loopend=0, mode=0x00000000, channelmask=0x00000000, channelorder=0, peakvolume=0.988495.
[LOG] AsyncThread::threadFunc                  : Finished Asynchronous operation on sound 000000006B222EA8
[LOG] AsyncThread::threadFunc                  : Starting Asynchronous operation on sound 000000006B222B48
[LOG] SystemI::createSoundInternal             :     Create name='SFVR-FMOD-project\Build\Desktop/Master Bank.bank', mode=0x02010082
[LOG] SystemI::createSoundInternal             :     exinfo->cbsize             = 232
[LOG] SystemI::createSoundInternal             :     exinfo->length             = 6753280
[LOG] SystemI::createSoundInternal             :     exinfo->fileoffset         = 76928
[LOG] SystemI::createSoundInternal             :     exinfo->numsubsounds       = 1
[LOG] SystemI::createSoundInternal             :     exinfo->inclusionlist      = 000000007AABB9E8
[LOG] SystemI::createSoundInternal             :     exinfo->inclusionlistnum   = 1
[LOG] SystemI::createSoundInternal             :     exinfo->suggestedsoundtype = 5
[LOG] SystemI::createSoundInternal             :     exinfo->initialseekposition = 4500
[LOG] SystemI::createSoundInternal             :     exinfo->initialseekpostype = 1
[LOG] SystemI::createSoundInternal             :     Stream 0/1: name='SFVR_SFX_Amb_Cheering', format=2, channels=2, frequency=48000, lengthbytes=880544, lengthpcm=2784000, pcmblocksize=0, loopstart=0, loopend=0, mode=0x00000000, channelmask=0x00000000, channelorder=0, peakvolume=0.988495.
[LOG] AsyncThread::threadFunc                  : Finished Asynchronous operation on sound 000000006B222B48
[LOG] SoundI::release                          : SFVR_MainTheme (0000000072ADF3C8)
[LOG] SoundI::release                          :     SFVR_MainTheme (000000001AEE8538)
[LOG] SoundI::release                          :     SFVR_MainTheme (000000004AFC14A8)
[LOG] SoundI::getSubSound                      : sound 000000006B222EA8.  Subsound index 0 / 1
[LOG] SoundI::getSubSound                      : sound 000000006B222B48.  Subsound index 0 / 1
[LOG] Manager::readBank                        : fileversion = 103, compatVersion = 99 (oldest = 44, newest = 103)
[WRN] AsyncCommandBuffer::growBuffer           : Growing command buffer to 955888426 bytes. Initial command buffer size can be tuned to avoid dynamic growth using Studio::System::setAdvancedSettings()
[LOG] SystemI::createSound                     : filename = SFVR-FMOD-project\Build\Desktop/Master Bank.bank : mode 02010082
[LOG] SystemI::createSound                     : FMOD_NONBLOCKING specified.  Putting into queue to be opened asynchronously!
[LOG] SystemI::createSound                     : setdata soundi = 0000000071AED648 : node = 000000007AAB9D40
[LOG] SystemI::createSound                     : add node to async list : head = 000000001AEE7168.  list count = 0
[LOG] AsyncThread::threadFunc                  : Starting Asynchronous operation on sound 0000000071AED648
[LOG] SystemI::createSoundInternal             :     Create name='SFVR-FMOD-project\Build\Desktop/Master Bank.bank', mode=0x02010082
[LOG] SystemI::createSoundInternal             :     exinfo->cbsize             = 232
[LOG] SystemI::createSoundInternal             :     exinfo->length             = 6753280
[LOG] SystemI::createSoundInternal             :     exinfo->fileoffset         = 76928
[LOG] SystemI::createSoundInternal             :     exinfo->numsubsounds       = 1
[LOG] SystemI::createSoundInternal             :     exinfo->inclusionlist      = 000000007AAB9E58
[LOG] SystemI::createSoundInternal             :     exinfo->inclusionlistnum   = 1
[LOG] SystemI::createSoundInternal             :     exinfo->suggestedsoundtype = 5
[LOG] SystemI::createSoundInternal             :     exinfo->initialseekpostype = 1
[LOG] SystemI::createSoundInternal             :     Stream 0/1: name='SFVR_ArenaTheme', format=2, channels=2, frequency=48000, lengthbytes=755136, lengthpcm=2730666, pcmblocksize=0, loopstart=0, loopend=0, mode=0x00000000, channelmask=0x00000000, channelorder=0, peakvolume=0.807770.
[LOG] AsyncThread::threadFunc                  : Finished Asynchronous operation on sound 0000000071AED648
[LOG] SoundI::getSubSound                      : sound 0000000071AED648.  Subsound index 0 / 1
[WRN] AsyncCommandBuffer::growBuffer           : Growing command buffer to 955888426 bytes. Initial command buffer size can be tuned to avoid dynamic growth using Studio::System::setAdvancedSettings()
[LOG] SystemI::createSound                     : filename = SFVR-FMOD-project\Build\Desktop/Master Bank.bank : mode 02010082
[LOG] SystemI::createSound                     : FMOD_NONBLOCKING specified.  Putting into queue to be opened asynchronously!
[LOG] SystemI::createSound                     : setdata soundi = 000000006B223208 : node = 000000007AAB9950
[LOG] SystemI::createSound                     : add node to async list : head = 000000001AEE7168.  list count = 0
[LOG] AsyncThread::threadFunc                  : Starting Asynchronous operation on sound 000000006B223208
[LOG] SystemI::createSound                     : filename = SFVR-FMOD-project\Build\Desktop/Master Bank.bank : mode 02010082
[LOG] SystemI::createSoundInternal             :     Create name='SFVR-FMOD-project\Build\Desktop/Master Bank.bank', mode=0x02010082
[LOG] SystemI::createSound                     :     FMOD_NONBLOCKING specified.  Putting into queue to be opened asynchronously!
[LOG] SystemI::createSoundInternal             :     exinfo->cbsize             = 232
[LOG] SystemI::createSound                     :     setdata soundi = 000000006B223DD8 : node = 000000007AABA130
[LOG] SystemI::createSoundInternal             :     exinfo->length             = 6753280
[LOG] SystemI::createSound                     :     add node to async list : head = 000000001AEE7168.  list count = 0
[LOG] SystemI::createSoundInternal             :     exinfo->fileoffset         = 76928
[LOG] SystemI::createSoundInternal             :     exinfo->numsubsounds       = 1
[LOG] SystemI::createSoundInternal             :     exinfo->inclusionlist      = 000000007AAB9A68
[LOG] SystemI::createSoundInternal             :     exinfo->inclusionlistnum   = 1
[LOG] SystemI::createSoundInternal             :     exinfo->suggestedsoundtype = 5
[LOG] SystemI::createSoundInternal             :     exinfo->initialseekposition = 4500
[LOG] SystemI::createSoundInternal             :     exinfo->initialseekpostype = 1
[LOG] SystemI::createSoundInternal             :     Stream 0/1: name='SFVR_SFX_Amb_Cheering', format=2, channels=2, frequency=48000, lengthbytes=880544, lengthpcm=2784000, pcmblocksize=0, loopstart=0, loopend=0, mode=0x00000000, channelmask=0x00000000, channelorder=0, peakvolume=0.988495.
[LOG] AsyncThread::threadFunc                  : Finished Asynchronous operation on sound 000000006B223208
[LOG] AsyncThread::threadFunc                  : Starting Asynchronous operation on sound 000000006B223DD8
[LOG] SystemI::createSoundInternal             :     Create name='SFVR-FMOD-project\Build\Desktop/Master Bank.bank', mode=0x02010082
[LOG] SystemI::createSoundInternal             :     exinfo->cbsize             = 232
[LOG] SystemI::createSoundInternal             :     exinfo->length             = 6753280
[LOG] SystemI::createSoundInternal             :     exinfo->fileoffset         = 76928
[LOG] SystemI::createSoundInternal             :     exinfo->numsubsounds       = 1
[LOG] SystemI::createSoundInternal             :     exinfo->inclusionlist      = 000000007AABA248
[LOG] SystemI::createSoundInternal             :     exinfo->inclusionlistnum   = 1
[LOG] SystemI::createSoundInternal             :     exinfo->suggestedsoundtype = 5
[LOG] SystemI::createSoundInternal             :     exinfo->initialseekposition = 4500
[LOG] SystemI::createSoundInternal             :     exinfo->initialseekpostype = 1
[LOG] SystemI::createSoundInternal             :     Stream 0/1: name='SFVR_SFX_Amb_Cheering', format=2, channels=2, frequency=48000, lengthbytes=880544, lengthpcm=2784000, pcmblocksize=0, loopstart=0, loopend=0, mode=0x00000000, channelmask=0x00000000, channelorder=0, peakvolume=0.988495.
[LOG] AsyncThread::threadFunc                  : Finished Asynchronous operation on sound 000000006B223DD8
[LOG] SoundI::getSubSound                      : sound 000000006B223208.  Subsound index 0 / 1
[LOG] SoundI::getSubSound                      : sound 000000006B223DD8.  Subsound index 0 / 1
[LOG] Manager::readBank                        : fileversion = 103, compatVersion = 99 (oldest = 44, newest = 103)
[LOG] SoundI::release                          : SFVR_SFX_Amb_Cheering (000000006B222B48)
[LOG] SoundI::release                          :     SFVR_SFX_Amb_Cheering (00000000797C85E8)
[LOG] SoundI::release                          :     SFVR_SFX_Amb_Cheering (000000006CB15AB8)
[LOG] SoundI::release                          : SFVR_SFX_Amb_Cheering (000000006B222EA8)
[LOG] SoundI::release                          :     SFVR_SFX_Amb_Cheering (00000000797C6F28)
[LOG] SoundI::release                          :     SFVR_SFX_Amb_Cheering (000000006CB16328)
[WRN] AsyncCommandBuffer::growBuffer           : Growing command buffer to 955888426 bytes. Initial command buffer size can be tuned to avoid dynamic growth using Studio::System::setAdvancedSettings()
[LOG] SystemI::createSound                     : filename = SFVR-FMOD-project\Build\Desktop/Master Bank.bank : mode 02010082
[LOG] SystemI::createSound                     : FMOD_NONBLOCKING specified.  Putting into queue to be opened asynchronously!
[LOG] SystemI::createSound                     : setdata soundi = 0000000072ADF068 : node = 000000007AABB8D0
[LOG] SystemI::createSound                     : add node to async list : head = 000000001AEE7168.  list count = 0
[LOG] AsyncThread::threadFunc                  : Starting Asynchronous operation on sound 0000000072ADF068
[LOG] SystemI::createSound                     :     filename = SFVR-FMOD-project\Build\Desktop/Master Bank.bank : mode 02010082
[LOG] SystemI::createSoundInternal             :     Create name='SFVR-FMOD-project\Build\Desktop/Master Bank.bank', mode=0x02010082
[LOG] SystemI::createSoundInternal             :     exinfo->cbsize             = 232
[LOG] SystemI::createSound                     :     FMOD_NONBLOCKING specified.  Putting into queue to be opened asynchronously!
[LOG] SystemI::createSoundInternal             :     exinfo->length             = 6753280
[LOG] SystemI::createSoundInternal             :     exinfo->fileoffset         = 76928
[LOG] SystemI::createSound                     :     setdata soundi = 0000000072ADF218 : node = 000000007AAB9800
[LOG] SystemI::createSoundInternal             :     exinfo->numsubsounds       = 1
[LOG] SystemI::createSound                     :     add node to async list : head = 000000001AEE7168.  list count = 0
[LOG] SystemI::createSoundInternal             :     exinfo->inclusionlist      = 000000007AABB9E8
[LOG] SystemI::createSoundInternal             :     exinfo->inclusionlistnum   = 1
[LOG] SystemI::createSoundInternal             :     exinfo->suggestedsoundtype = 5
[LOG] SystemI::createSoundInternal             :     exinfo->initialseekposition = 4500
[LOG] SystemI::createSoundInternal             :     exinfo->initialseekpostype = 1
[LOG] SystemI::createSoundInternal             :     Stream 0/1: name='SFVR_SFX_Amb_Cheering', format=2, channels=2, frequency=48000, lengthbytes=880544, lengthpcm=2784000, pcmblocksize=0, loopstart=0, loopend=0, mode=0x00000000, channelmask=0x00000000, channelorder=0, peakvolume=0.988495.
[LOG] AsyncThread::threadFunc                  : Finished Asynchronous operation on sound 0000000072ADF068
[LOG] AsyncThread::threadFunc                  : Starting Asynchronous operation on sound 0000000072ADF218
[LOG] SystemI::createSoundInternal             :     Create name='SFVR-FMOD-project\Build\Desktop/Master Bank.bank', mode=0x02010082
[LOG] SystemI::createSoundInternal             :     exinfo->cbsize             = 232
[LOG] SystemI::createSoundInternal             :     exinfo->length             = 6753280
[LOG] SystemI::createSoundInternal             :     exinfo->fileoffset         = 76928
[LOG] SystemI::createSoundInternal             :     exinfo->numsubsounds       = 1
[LOG] SystemI::createSoundInternal             :     exinfo->inclusionlist      = 000000007AAB9918
[LOG] SystemI::createSoundInternal             :     exinfo->inclusionlistnum   = 1
[LOG] SystemI::createSoundInternal             :     exinfo->suggestedsoundtype = 5
[LOG] SystemI::createSoundInternal             :     exinfo->initialseekposition = 4500
[LOG] SystemI::createSoundInternal             :     exinfo->initialseekpostype = 1
[LOG] SystemI::createSoundInternal             :     Stream 0/1: name='SFVR_SFX_Amb_Cheering', format=2, channels=2, frequency=48000, lengthbytes=880544, lengthpcm=2784000, pcmblocksize=0, loopstart=0, loopend=0, mode=0x00000000, channelmask=0x00000000, channelorder=0, peakvolume=0.988495.
[LOG] AsyncThread::threadFunc                  : Finished Asynchronous operation on sound 0000000072ADF218
[LOG] SoundI::getSubSound                      : sound 0000000072ADF068.  Subsound index 0 / 1
[LOG] SoundI::getSubSound                      : sound 0000000072ADF218.  Subsound index 0 / 1
[LOG] Manager::readBank                        : fileversion = 103, compatVersion = 99 (oldest = 44, newest = 103)
[LOG] SoundI::release                          : SFVR_SFX_Amb_Cheering (000000006B223DD8)
[LOG] SoundI::release                          :     SFVR_SFX_Amb_Cheering (00000000797C8C68)
[LOG] SoundI::release                          :     SFVR_SFX_Amb_Cheering (000000006BD39098)
[LOG] SoundI::release                          : SFVR_SFX_Amb_Cheering (000000006B223208)
[LOG] SoundI::release                          :     SFVR_SFX_Amb_Cheering (00000000797C5BA8)
[LOG] SoundI::release                          :     SFVR_SFX_Amb_Cheering (000000007A6DA248)
[WRN] AsyncCommandBuffer::growBuffer           : Growing command buffer to 955888426 bytes. Initial command buffer size can be tuned to avoid dynamic growth using Studio::System::setAdvancedSettings()
[LOG] SystemI::createSound                     : filename = SFVR-FMOD-project\Build\Desktop/Master Bank.bank : mode 02010082
[LOG] SystemI::createSound                     : FMOD_NONBLOCKING specified.  Putting into queue to be opened asynchronously!
[LOG] SystemI::createSound                     : setdata soundi = 0000000071AED7F8 : node = 000000007AAB9950
[LOG] SystemI::createSound                     : add node to async list : head = 000000001AEE7168.  list count = 0
[LOG] AsyncThread::threadFunc                  : Starting Asynchronous operation on sound 0000000071AED7F8
[LOG] SystemI::createSound                     : filename = SFVR-FMOD-project\Build\Desktop/Master Bank.bank : mode 02010082
[LOG] SystemI::createSoundInternal             :     Create name='SFVR-FMOD-project\Build\Desktop/Master Bank.bank', mode=0x02010082
[LOG] SystemI::createSound                     :     FMOD_NONBLOCKING specified.  Putting into queue to be opened asynchronously!
[LOG] SystemI::createSoundInternal             :     exinfo->cbsize             = 232
[LOG] SystemI::createSound                     :     setdata soundi = 0000000071AED9A8 : node = 000000007AABA130
[LOG] SystemI::createSoundInternal             :     exinfo->length             = 6753280
[LOG] SystemI::createSound                     :     add node to async list : head = 000000001AEE7168.  list count = 0
[LOG] SystemI::createSoundInternal             :     exinfo->fileoffset         = 76928
[LOG] SystemI::createSoundInternal             :     exinfo->numsubsounds       = 1
[LOG] SystemI::createSoundInternal             :     exinfo->inclusionlist      = 000000007AAB9A68
[LOG] SystemI::createSoundInternal             :     exinfo->inclusionlistnum   = 1
[LOG] SystemI::createSoundInternal             :     exinfo->suggestedsoundtype = 5
[LOG] SystemI::createSoundInternal             :     exinfo->initialseekposition = 4500
[LOG] SystemI::createSoundInternal             :     exinfo->initialseekpostype = 1
[LOG] SystemI::createSoundInternal             :     Stream 0/1: name='SFVR_SFX_Amb_Cheering', format=2, channels=2, frequency=48000, lengthbytes=880544, lengthpcm=2784000, pcmblocksize=0, loopstart=0, loopend=0, mode=0x00000000, channelmask=0x00000000, channelorder=0, peakvolume=0.988495.
[LOG] AsyncThread::threadFunc                  : Finished Asynchronous operation on sound 0000000071AED7F8
[LOG] AsyncThread::threadFunc                  : Starting Asynchronous operation on sound 0000000071AED9A8
[LOG] SystemI::createSoundInternal             :     Create name='SFVR-FMOD-project\Build\Desktop/Master Bank.bank', mode=0x02010082
[LOG] SystemI::createSoundInternal             :     exinfo->cbsize             = 232
[LOG] SystemI::createSoundInternal             :     exinfo->length             = 6753280
[LOG] SystemI::createSoundInternal             :     exinfo->fileoffset         = 76928
[LOG] SystemI::createSoundInternal             :     exinfo->numsubsounds       = 1
[LOG] SystemI::createSoundInternal             :     exinfo->inclusionlist      = 000000007AABA248
[LOG] SystemI::createSoundInternal             :     exinfo->inclusionlistnum   = 1
[LOG] SystemI::createSoundInternal             :     exinfo->suggestedsoundtype = 5
[LOG] SystemI::createSoundInternal             :     exinfo->initialseekposition = 4500
[LOG] SystemI::createSoundInternal             :     exinfo->initialseekpostype = 1
[LOG] SystemI::createSoundInternal             :     Stream 0/1: name='SFVR_SFX_Amb_Cheering', format=2, channels=2, frequency=48000, lengthbytes=880544, lengthpcm=2784000, pcmblocksize=0, loopstart=0, loopend=0, mode=0x00000000, channelmask=0x00000000, channelorder=0, peakvolume=0.988495.
[LOG] AsyncThread::threadFunc                  : Finished Asynchronous operation on sound 0000000071AED9A8
[LOG] SoundI::getSubSound                      : sound 0000000071AED7F8.  Subsound index 0 / 1
[LOG] SoundI::getSubSound                      : sound 0000000071AED9A8.  Subsound index 0 / 1
[LOG] Manager::readBank                        : fileversion = 103, compatVersion = 99 (oldest = 44, newest = 103)
[LOG] SoundI::release                          : SFVR_SFX_Amb_Cheering (0000000072ADF218)
[LOG] SoundI::release                          :     SFVR_SFX_Amb_Cheering (00000000797C7DC8)
[LOG] SoundI::release                          :     SFVR_SFX_Amb_Cheering (000000006BD393F8)
[LOG] SoundI::release                          : SFVR_SFX_Amb_Cheering (0000000072ADF068)
[LOG] SoundI::release                          :     SFVR_SFX_Amb_Cheering (00000000797C7408)
[LOG] SoundI::release                          :     SFVR_SFX_Amb_Cheering (000000006BD395A8)
[LOG] SystemI::createSound                     : filename = SFVR-FMOD-project\Build\Desktop/Master Bank.bank : mode 02010082
[LOG] SystemI::createSound                     : FMOD_NONBLOCKING specified.  Putting into queue to be opened asynchronously!
[LOG] SystemI::createSound                     : setdata soundi = 0000000072ADF578 : node = 000000007AAB9800
[LOG] SystemI::createSound                     : add node to async list : head = 000000001AEE7168.  list count = 0
[LOG] AsyncThread::threadFunc                  : Starting Asynchronous operation on sound 0000000072ADF578
[LOG] SystemI::createSound                     : filename = SFVR-FMOD-project\Build\Desktop/Master Bank.bank : mode 02010082
[LOG] SystemI::createSoundInternal             :     Create name='SFVR-FMOD-project\Build\Desktop/Master Bank.bank', mode=0x02010082
[LOG] SystemI::createSound                     :     FMOD_NONBLOCKING specified.  Putting into queue to be opened asynchronously!
[LOG] SystemI::createSoundInternal             :     exinfo->cbsize             = 232
[LOG] SystemI::createSound                     :     setdata soundi = 0000000072ADF218 : node = 000000007AABB8D0
[LOG] SystemI::createSoundInternal             :     exinfo->length             = 6753280
[LOG] SystemI::createSound                     :     add node to async list : head = 000000001AEE7168.  list count = 0
[LOG] SystemI::createSoundInternal             :     exinfo->fileoffset         = 76928
[LOG] SystemI::createSoundInternal             :     exinfo->numsubsounds       = 1
[LOG] SystemI::createSoundInternal             :     exinfo->inclusionlist      = 000000007AAB9918
[LOG] SystemI::createSoundInternal             :     exinfo->inclusionlistnum   = 1
[LOG] SystemI::createSoundInternal             :     exinfo->suggestedsoundtype = 5
[LOG] SystemI::createSoundInternal             :     exinfo->initialseekposition = 4500
[LOG] SystemI::createSoundInternal             :     exinfo->initialseekpostype = 1
[LOG] SystemI::createSoundInternal             :     Stream 0/1: name='SFVR_SFX_Amb_Cheering', format=2, channels=2, frequency=48000, lengthbytes=880544, lengthpcm=2784000, pcmblocksize=0, loopstart=0, loopend=0, mode=0x00000000, channelmask=0x00000000, channelorder=0, peakvolume=0.988495.
[LOG] AsyncThread::threadFunc                  : Finished Asynchronous operation on sound 0000000072ADF578
[LOG] AsyncThread::threadFunc                  : Starting Asynchronous operation on sound 0000000072ADF218
[LOG] SystemI::createSoundInternal             :     Create name='SFVR-FMOD-project\Build\Desktop/Master Bank.bank', mode=0x02010082
[LOG] SystemI::createSoundInternal             :     exinfo->cbsize             = 232
[LOG] SystemI::createSoundInternal             :     exinfo->length             = 6753280
[LOG] SystemI::createSoundInternal             :     exinfo->fileoffset         = 76928
[LOG] SystemI::createSoundInternal             :     exinfo->numsubsounds       = 1
[LOG] SystemI::createSoundInternal             :     exinfo->inclusionlist      = 000000007AABB9E8
[LOG] SystemI::createSoundInternal             :     exinfo->inclusionlistnum   = 1
[LOG] SystemI::createSoundInternal             :     exinfo->suggestedsoundtype = 5
[LOG] SystemI::createSoundInternal             :     exinfo->initialseekposition = 4500
[LOG] SystemI::createSoundInternal             :     exinfo->initialseekpostype = 1
[LOG] SystemI::createSoundInternal             :     Stream 0/1: name='SFVR_SFX_Amb_Cheering', format=2, channels=2, frequency=48000, lengthbytes=880544, lengthpcm=2784000, pcmblocksize=0, loopstart=0, loopend=0, mode=0x00000000, channelmask=0x00000000, channelorder=0, peakvolume=0.988495.
[LOG] AsyncThread::threadFunc                  : Finished Asynchronous operation on sound 0000000072ADF218
[LOG] SoundI::getSubSound                      : sound 0000000072ADF578.  Subsound index 0 / 1
[LOG] SoundI::getSubSound                      : sound 0000000072ADF218.  Subsound index 0 / 1
[LOG] Manager::readBank                        : fileversion = 103, compatVersion = 99 (oldest = 44, newest = 103)
[LOG] SoundI::release                          : SFVR_SFX_Amb_Cheering (0000000071AED9A8)
[LOG] SoundI::release                          :     SFVR_SFX_Amb_Cheering (00000000797C78E8)
[LOG] SoundI::release                          :     SFVR_SFX_Amb_Cheering (000000006CB16178)
[LOG] SoundI::release                          : SFVR_SFX_Amb_Cheering (0000000071AED7F8)
[LOG] SoundI::release                          :     SFVR_SFX_Amb_Cheering (00000000797C7268)
[LOG] SoundI::release                          :     SFVR_SFX_Amb_Cheering (000000006CB15E18)
[LOG] SystemI::createSound                     : filename = SFVR-FMOD-project\Build\Desktop/Master Bank.bank : mode 02010082
[LOG] SystemI::createSound                     : FMOD_NONBLOCKING specified.  Putting into queue to be opened asynchronously!
[LOG] SystemI::createSound                     : setdata soundi = 000000006B222B48 : node = 000000007AAB9950
[LOG] SystemI::createSound                     : add node to async list : head = 000000001AEE7168.  list count = 0
[LOG] AsyncThread::threadFunc                  : Starting Asynchronous operation on sound 000000006B222B48
[LOG] SystemI::createSound                     : filename = SFVR-FMOD-project\Build\Desktop/Master Bank.bank : mode 02010082
[LOG] SystemI::createSoundInternal             :     Create name='SFVR-FMOD-project\Build\Desktop/Master Bank.bank', mode=0x02010082
[LOG] SystemI::createSound                     :     FMOD_NONBLOCKING specified.  Putting into queue to be opened asynchronously!
[LOG] SystemI::createSoundInternal             :     exinfo->cbsize             = 232
[LOG] SystemI::createSound                     :     setdata soundi = 000000006B223C28 : node = 000000007AABAE50
[LOG] SystemI::createSoundInternal             :     exinfo->length             = 6753280
[LOG] SystemI::createSound                     :     add node to async list : head = 000000001AEE7168.  list count = 0
[LOG] SystemI::createSoundInternal             :     exinfo->fileoffset         = 76928
[LOG] SystemI::createSoundInternal             :     exinfo->numsubsounds       = 1
[LOG] SystemI::createSoundInternal             :     exinfo->inclusionlist      = 000000007AAB9A68
[LOG] SystemI::createSoundInternal             :     exinfo->inclusionlistnum   = 1
[LOG] SystemI::createSoundInternal             :     exinfo->suggestedsoundtype = 5
[LOG] SystemI::createSoundInternal             :     exinfo->initialseekposition = 4500
[LOG] SystemI::createSoundInternal             :     exinfo->initialseekpostype = 1
[LOG] SystemI::createSoundInternal             :     Stream 0/1: name='SFVR_SFX_Amb_Cheering', format=2, channels=2, frequency=48000, lengthbytes=880544, lengthpcm=2784000, pcmblocksize=0, loopstart=0, loopend=0, mode=0x00000000, channelmask=0x00000000, channelorder=0, peakvolume=0.988495.
[LOG] AsyncThread::threadFunc                  : Finished Asynchronous operation on sound 000000006B222B48
[LOG] AsyncThread::threadFunc                  : Starting Asynchronous operation on sound 000000006B223C28
[LOG] SystemI::createSoundInternal             :     Create name='SFVR-FMOD-project\Build\Desktop/Master Bank.bank', mode=0x02010082
[LOG] SystemI::createSoundInternal             :     exinfo->cbsize             = 232
[LOG] SystemI::createSoundInternal             :     exinfo->length             = 6753280
[LOG] SystemI::createSoundInternal             :     exinfo->fileoffset         = 76928
[LOG] SystemI::createSoundInternal             :     exinfo->numsubsounds       = 1
[LOG] SystemI::createSoundInternal             :     exinfo->inclusionlist      = 000000007AABAF68
[LOG] SystemI::createSoundInternal             :     exinfo->inclusionlistnum   = 1
[LOG] SystemI::createSoundInternal             :     exinfo->suggestedsoundtype = 5
[LOG] SystemI::createSoundInternal             :     exinfo->initialseekposition = 4500
[LOG] SystemI::createSoundInternal             :     exinfo->initialseekpostype = 1
[LOG] SystemI::createSoundInternal             :     Stream 0/1: name='SFVR_SFX_Amb_Cheering', format=2, channels=2, frequency=48000, lengthbytes=880544, lengthpcm=2784000, pcmblocksize=0, loopstart=0, loopend=0, mode=0x00000000, channelmask=0x00000000, channelorder=0, peakvolume=0.988495.
[LOG] AsyncThread::threadFunc                  : Finished Asynchronous operation on sound 000000006B223C28
[LOG] SoundI::getSubSound                      : sound 000000006B222B48.  Subsound index 0 / 1
[LOG] SoundI::getSubSound                      : sound 000000006B223C28.  Subsound index 0 / 1
[LOG] SoundI::release                          : SFVR_SFX_Amb_Cheering (0000000072ADF218)
[LOG] SoundI::release                          :     SFVR_SFX_Amb_Cheering (00000000797C9488)
[LOG] SoundI::release                          :     SFVR_SFX_Amb_Cheering (000000006C340A68)
[LOG] SoundI::release                          : SFVR_SFX_Amb_Cheering (0000000072ADF578)
[LOG] SoundI::release                          :     SFVR_SFX_Amb_Cheering (00000000797C7A88)
[LOG] SoundI::release                          :     SFVR_SFX_Amb_Cheering (0000000071AED498)
[LOG] Manager::readBank                        : fileversion = 103, compatVersion = 99 (oldest = 44, newest = 103)
[WRN] AsyncCommandBuffer::growBuffer           : Growing command buffer to 955888426 bytes. Initial command buffer size can be tuned to avoid dynamic growth using Studio::System::setAdvancedSettings()
[LOG] SystemI::createSound                     : filename = SFVR-FMOD-project\Build\Desktop/Master Bank.bank : mode 02010082
[LOG] SystemI::createSound                     : FMOD_NONBLOCKING specified.  Putting into queue to be opened asynchronously!
[LOG] SystemI::createSound                     : setdata soundi = 0000000071AED7F8 : node = 000000007AAB9800
[LOG] SystemI::createSound                     : add node to async list : head = 000000001AEE7168.  list count = 0
[LOG] AsyncThread::threadFunc                  : Starting Asynchronous operation on sound 0000000071AED7F8
[LOG] SystemI::createSoundInternal             :     Create name='SFVR-FMOD-project\Build\Desktop/Master Bank.bank', mode=0x02010082
[LOG] SystemI::createSoundInternal             :     exinfo->cbsize             = 232
[LOG] SystemI::createSound                     :     filename = SFVR-FMOD-project\Build\Desktop/Master Bank.bank : mode 02010082
[LOG] SystemI::createSoundInternal             :     exinfo->length             = 6753280
[LOG] SystemI::createSound                     :     FMOD_NONBLOCKING specified.  Putting into queue to be opened asynchronously!
[LOG] SystemI::createSoundInternal             :     exinfo->fileoffset         = 76928
[LOG] SystemI::createSoundInternal             :     exinfo->numsubsounds       = 1
[LOG] SystemI::createSound                     :     setdata soundi = 0000000071AED9A8 : node = 000000007AABA130
[LOG] SystemI::createSoundInternal             :     exinfo->inclusionlist      = 000000007AAB9918
[LOG] SystemI::createSound                     :     add node to async list : head = 000000001AEE7168.  list count = 0
[LOG] SystemI::createSoundInternal             :     exinfo->inclusionlistnum   = 1
[LOG] SystemI::createSoundInternal             :     exinfo->suggestedsoundtype = 5
[LOG] SystemI::createSoundInternal             :     exinfo->initialseekposition = 4500
[LOG] SystemI::createSoundInternal             :     exinfo->initialseekpostype = 1
[LOG] SystemI::createSoundInternal             :     Stream 0/1: name='SFVR_SFX_Amb_Cheering', format=2, channels=2, frequency=48000, lengthbytes=880544, lengthpcm=2784000, pcmblocksize=0, loopstart=0, loopend=0, mode=0x00000000, channelmask=0x00000000, channelorder=0, peakvolume=0.988495.
[LOG] AsyncThread::threadFunc                  : Finished Asynchronous operation on sound 0000000071AED7F8
[LOG] AsyncThread::threadFunc                  : Starting Asynchronous operation on sound 0000000071AED9A8
[LOG] SystemI::createSoundInternal             :     Create name='SFVR-FMOD-project\Build\Desktop/Master Bank.bank', mode=0x02010082
[LOG] SystemI::createSoundInternal             :     exinfo->cbsize             = 232
[LOG] SystemI::createSoundInternal             :     exinfo->length             = 6753280
[LOG] SystemI::createSoundInternal             :     exinfo->fileoffset         = 76928
[LOG] SystemI::createSoundInternal             :     exinfo->numsubsounds       = 1
[LOG] SystemI::createSoundInternal             :     exinfo->inclusionlist      = 000000007AABA248
[LOG] SystemI::createSoundInternal             :     exinfo->inclusionlistnum   = 1
[LOG] SystemI::createSoundInternal             :     exinfo->suggestedsoundtype = 5
[LOG] SystemI::createSoundInternal             :     exinfo->initialseekposition = 4500
[LOG] SystemI::createSoundInternal             :     exinfo->initialseekpostype = 1
[LOG] SystemI::createSoundInternal             :     Stream 0/1: name='SFVR_SFX_Amb_Cheering', format=2, channels=2, frequency=48000, lengthbytes=880544, lengthpcm=2784000, pcmblocksize=0, loopstart=0, loopend=0, mode=0x00000000, channelmask=0x00000000, channelorder=0, peakvolume=0.988495.
[LOG] AsyncThread::threadFunc                  : Finished Asynchronous operation on sound 0000000071AED9A8
[LOG] SoundI::release                          : SFVR_SFX_Amb_Cheering (0000000071AED9A8)
[LOG] SoundI::release                          :     SFVR_SFX_Amb_Cheering (00000000797C8928)
[LOG] SoundI::release                          :     SFVR_SFX_Amb_Cheering (0000000079804468)
[LOG] SoundI::release                          : SFVR_SFX_Amb_Cheering (0000000071AED7F8)
[LOG] SoundI::release                          :     SFVR_SFX_Amb_Cheering (00000000797C63C8)
[LOG] SoundI::release                          :     SFVR_SFX_Amb_Cheering (0000000079804108)
[LOG] SoundI::release                          : SFVR_SFX_Amb_Cheering (000000006B223C28)
[LOG] SoundI::release                          :     SFVR_SFX_Amb_Cheering (00000000797C6D88)
[LOG] SoundI::release                          :     SFVR_SFX_Amb_Cheering (0000000071DCB6C8)
[LOG] SoundI::release                          : SFVR_SFX_Amb_Cheering (000000006B222B48)
[LOG] SoundI::release                          :     SFVR_SFX_Amb_Cheering (00000000797C8C68)
[LOG] SoundI::release                          :     SFVR_SFX_Amb_Cheering (000000007A6DA248)
[LOG] Manager::readBank                        : fileversion = 103, compatVersion = 99 (oldest = 44, newest = 103)
[LOG] Manager::readBank                        : fileversion = 103, compatVersion = 99 (oldest = 44, newest = 103)
[WRN] AsyncCommandBuffer::growBuffer           : Growing command buffer to 955888426 bytes. Initial command buffer size can be tuned to avoid dynamic growth using Studio::System::setAdvancedSettings()
[LOG] Manager::readBank                        : fileversion = 103, compatVersion = 99 (oldest = 44, newest = 103)
[LOG] SoundI::release                          : SFVR_ArenaTheme (0000000071AED648)
[LOG] SoundI::release                          :     SFVR_ArenaTheme (00000000797C8AC8)
[LOG] SoundI::release                          :     SFVR_ArenaTheme (000000007A6DA098)
[LOG] SoundI::release                          :  (000000001B426648)
[LOG] SoundI::release                          :     SFVR_SFX_Punch_01 (000000005BFD2C58)
[LOG] SoundI::release                          :  (000000001B426928)
[LOG] SoundI::release                          :     SFVR_SFX_Punch_02 (000000001B3C1408)
[LOG] SoundI::release                          :  (0000000065B559C8)
[LOG] SoundI::release                          :     SFVR_SFX_Punch_03 (000000001AEE71B8)
[LOG] SoundI::release                          :  (0000000065B56F58)
[LOG] SoundI::release                          :     SFVR_SFX_Mecha_Footstep_01 (0000000041D83E08)
[LOG] SoundI::release                          :  (0000000065B556E8)
[LOG] SoundI::release                          :     SFVR_SFX_Mecha_Footstep_02 (000000005290FCB8)
[LOG] SoundI::release                          :  (0000000065B55128)
[LOG] SoundI::release                          :     SFVR_SFX_Mecha_Footstep_03 (000000005290F158)
[LOG] SoundI::release                          :  (000000001B4267B8)
[LOG] SoundI::release                          :     SFVR_VO_Announcer_Fight (00000000797C8E08)
[LOG] SoundI::release                          :  (000000001B4278F8)
[LOG] SoundI::release                          :     SFVR_VO_Announcer_Round2 (000000001AEFC598)
[LOG] Thread::callback                         : FMOD Studio update thread finished.
[LOG] Thread::callback                         : FMOD Studio bank load thread finished.
[LOG] Profile::disconnectAll                   : Profiler disconnecting all clients
[LOG] Thread::callback                         : FMOD Studio sample load thread finished.
[LOG] LiveUpdate::release                      : 
[LOG] LiveUpdate::reset                        : Reset connection (reason Disconnected)
[LOG] Thread::callback                         : FMOD stream thread finished.
[LOG] Thread::callback                         : FMOD mixer thread finished.
[LOG] Profile::disconnectAll                   : Profiler disconnecting all clients
[LOG] SystemI::close                           : Closed.
[LOG] Manager::readBank                        : fileversion = 103, compatVersion = 99 (oldest = 44, newest = 103)
[LOG] Manager::readBank                        : fileversion = 103, compatVersion = 99 (oldest = 44, newest = 103)
[LOG] Manager::readBank                        : fileversion = 103, compatVersion = 99 (oldest = 44, newest = 103)
[LOG] Manager::readBank                        : fileversion = 103, compatVersion = 99 (oldest = 44, newest = 103)
[LOG] Manager::readBank                        : fileversion = 103, compatVersion = 99 (oldest = 44, newest = 103)
[LOG] Manager::readBank                        : fileversion = 103, compatVersion = 99 (oldest = 44, newest = 103)
[LOG] PlaybackSystem::acquireMasterBus         : Setting master channel group format to 6
[LOG] Thread::callback                         : FMOD Studio bank load thread finished.
[LOG] Thread::callback                         : FMOD Studio sample load thread finished.
[LOG] LiveUpdate::release                      : 
[LOG] LiveUpdate::reset                        : Reset connection (reason Disconnected)
[LOG] Thread::callback                         : FMOD stream thread finished.
[LOG] Thread::callback                         : FMOD mixer thread finished.
[LOG] Thread::callback                         : FMOD nonblocking thread (0) finished.
[LOG] Thread::callback                         : FMOD file thread finished.
[LOG] SystemI::close                           : Closed.
